<?xml version="1.0" encoding="UTF-8"?>
<!-- Generated by org.testng.reporters.JUnitReportReporter -->
<testsuite skipped="0" hostname="YY172619" name="testRunner.TestRunner" tests="4" failures="0" timestamp="26 Jul 2019 07:12:42 GMT" time="43.250" errors="0">
  <testcase name="test" time="10.708" classname="testRunner.TestRunner"/>
  <testcase name="test" time="11.434" classname="testRunner.TestRunner"/>
  <testcase name="test" time="11.405" classname="testRunner.TestRunner"/>
  <testcase name="test" time="9.703" classname="testRunner.TestRunner"/>
</testsuite> <!-- testRunner.TestRunner -->
