<?xml version="1.0" encoding="UTF-8"?>
<!-- Generated by org.testng.reporters.JUnitReportReporter -->
<testsuite skipped="0" hostname="YY172619" name="mobile.BaseClass" tests="1" failures="0" timestamp="26 Jul 2019 10:20:01 GMT" time="0.004" errors="0">
  <testcase name="sampletest" time="0.004" classname="mobile.BaseClass"/>
</testsuite> <!-- mobile.BaseClass -->
